<?xml version="1.0" encoding="UTF-8"?>
<!-- Generated by org.testng.reporters.JUnitReportReporter -->
<testsuite hostname="ASUS_F15" failures="0" tests="1" name="Account.Login" time="1.208" errors="0" timestamp="2023-06-09T17:22:56 NPT" skipped="0">
  <testcase classname="Account.Login" name="login" time="1.208"/>
  <system-out/>
</testsuite> <!-- Account.Login -->
