<?xml version="1.0" encoding="UTF-8"?>
<!-- Generated by org.testng.reporters.JUnitReportReporter -->
<testsuite hostname="ASUS_F15" failures="0" tests="6" name="Account.main" time="53.338" errors="0" timestamp="2023-06-11T22:58:31 NPT" skipped="0">
  <testcase classname="Account.main" name="login" time="0.789"/>
  <system-out/>
  <testcase classname="Account.main" name="adminManagement" time="18.738"/>
  <system-out/>
  <testcase classname="Account.main" name="search_user" time="4.131"/>
  <system-out/>
  <testcase classname="Account.main" name="add_employee" time="6.038"/>
  <system-out/>
  <testcase classname="Account.main" name="recruiment" time="16.444"/>
  <system-out/>
  <testcase classname="Account.main" name="search_added_vacancy" time="7.198"/>
  <system-out/>
</testsuite> <!-- Account.main -->
