<?xml version="1.0" encoding="UTF-8"?>
<!-- Generated by org.testng.reporters.JUnitReportReporter -->
<testsuite hostname="ASUS_F15" failures="0" tests="6" name="Broadways_Project.main" time="44.285" errors="0" timestamp="2023-06-12T21:28:46 NPT" skipped="0">
  <testcase classname="Broadways_Project.main" name="login" time="0.894"/>
  <system-out/>
  <testcase classname="Broadways_Project.main" name="adminManagement" time="11.570"/>
  <system-out/>
  <testcase classname="Broadways_Project.main" name="search_user" time="0.123"/>
  <system-out/>
  <testcase classname="Broadways_Project.main" name="add_employee" time="4.128"/>
  <system-out/>
  <testcase classname="Broadways_Project.main" name="recruiment" time="14.810"/>
  <system-out/>
  <testcase classname="Broadways_Project.main" name="search_added_vacancy" time="12.760"/>
  <system-out/>
</testsuite> <!-- Broadways_Project.main -->
